<?xml version="1.0" encoding="UTF-8"?>
<!DOCTYPE html PUBLIC "-//W3C//DTD XHTML 1.0 Strict//EN" "http://www.w3.org/TR/xhtml1/DTD/xhtml1-strict.dtd">
<html xmlns="http://www.w3.org/1999/xhtml">
<head>
    <title>Test Report</title>
    <meta name="generator" content="HTMLTestRunner 0.8.2"/>
    <meta http-equiv="Content-Type" content="text/html; charset=UTF-8"/>
    
<style type="text/css" media="screen">
body        { font-family: verdana, arial, helvetica, sans-serif; font-size: 80%; }
table       { font-size: 100%; }
pre         { }

/* -- heading ---------------------------------------------------------------------- */
h1 {
	font-size: 16pt;
	color: gray;
}
.heading {
    margin-top: 0ex;
    margin-bottom: 1ex;
}

.heading .attribute {
    margin-top: 1ex;
    margin-bottom: 0;
}

.heading .description {
    margin-top: 4ex;
    margin-bottom: 6ex;
}

/* -- css div popup ------------------------------------------------------------------------ */
a.popup_link {
}

a.popup_link:hover {
    color: red;
}

.popup_window {
    display: none;
    position: relative;
    left: 0px;
    top: 0px;
    /*border: solid #627173 1px; */
    padding: 10px;
    background-color: #E6E6D6;
    font-family: "Lucida Console", "Courier New", Courier, monospace;
    text-align: left;
    font-size: 8pt;
    width: 500px;
}

}
/* -- report ------------------------------------------------------------------------ */
#show_detail_line {
    margin-top: 3ex;
    margin-bottom: 1ex;
}
#result_table {
    width: 80%;
    border-collapse: collapse;
    border: 1px solid #777;
}
#header_row {
    font-weight: bold;
    color: white;
    background-color: #777;
}
#result_table td {
    border: 1px solid #777;
    padding: 2px;
}
#total_row  { font-weight: bold; }
.passClass  { background-color: #6c6; }
.failClass  { background-color: #c60; }
.errorClass { background-color: #c00; }
.passCase   { color: #6c6; }
.failCase   { color: #c60; font-weight: bold; }
.errorCase  { color: #c00; font-weight: bold; }
.hiddenRow  { display: none; }
.testcase   { margin-left: 2em; }


/* -- ending ---------------------------------------------------------------------- */
#ending {
}

</style>

</head>
<body>
<script language="javascript" type="text/javascript"><!--
output_list = Array();

/* level - 0:Summary; 1:Failed; 2:All */
function showCase(level) {
    trs = document.getElementsByTagName("tr");
    for (var i = 0; i < trs.length; i++) {
        tr = trs[i];
        id = tr.id;
        if (id.substr(0,2) == 'ft') {
            if (level < 1) {
                tr.className = 'hiddenRow';
            }
            else {
                tr.className = '';
            }
        }
        if (id.substr(0,2) == 'pt') {
            if (level > 1) {
                tr.className = '';
            }
            else {
                tr.className = 'hiddenRow';
            }
        }
    }
}


function showClassDetail(cid, count) {
    var id_list = Array(count);
    var toHide = 1;
    for (var i = 0; i < count; i++) {
        tid0 = 't' + cid.substr(1) + '.' + (i+1);
        tid = 'f' + tid0;
        tr = document.getElementById(tid);
        if (!tr) {
            tid = 'p' + tid0;
            tr = document.getElementById(tid);
        }
        id_list[i] = tid;
        if (tr.className) {
            toHide = 0;
        }
    }
    for (var i = 0; i < count; i++) {
        tid = id_list[i];
        if (toHide) {
            document.getElementById('div_'+tid).style.display = 'none'
            document.getElementById(tid).className = 'hiddenRow';
        }
        else {
            document.getElementById(tid).className = '';
        }
    }
}


function showTestDetail(div_id){
    var details_div = document.getElementById(div_id)
    var displayState = details_div.style.display
    // alert(displayState)
    if (displayState != 'block' ) {
        displayState = 'block'
        details_div.style.display = 'block'
    }
    else {
        details_div.style.display = 'none'
    }
}


function html_escape(s) {
    s = s.replace(/&/g,'&amp;');
    s = s.replace(/</g,'&lt;');
    s = s.replace(/>/g,'&gt;');
    return s;
}

/* obsoleted by detail in <div>
function showOutput(id, name) {
    var w = window.open("", //url
                    name,
                    "resizable,scrollbars,status,width=800,height=450");
    d = w.document;
    d.write("<pre>");
    d.write(html_escape(output_list[id]));
    d.write("\n");
    d.write("<a href='javascript:window.close()'>close</a>\n");
    d.write("</pre>\n");
    d.close();
}
*/
--></script>

<div class='heading'>
<h1>Test Report</h1>
<p class='attribute'><strong>Start Time:</strong> 2020-05-26 09:43:29</p>
<p class='attribute'><strong>Duration:</strong> 0:45:17.188597</p>
<p class='attribute'><strong>Status:</strong> Pass 8 Error 20</p>

<p class='description'>Integration Testing of CRC Report</p>
</div>



<p id='show_detail_line'>Show
<a href='javascript:showCase(0)'>Summary</a>
<a href='javascript:showCase(1)'>Failed</a>
<a href='javascript:showCase(2)'>All</a>
</p>
<table id='result_table'>
<colgroup>
<col align='left' />
<col align='right' />
<col align='right' />
<col align='right' />
<col align='right' />
<col align='right' />
</colgroup>
<tr id='header_row'>
    <td>Test Group/Test case</td>
    <td>Count</td>
    <td>Pass</td>
    <td>Fail</td>
    <td>Error</td>
    <td>View</td>
</tr>

<tr class='errorClass'>
    <td>CRC_Report.cluster_table_record.test_cluster</td>
    <td>1</td>
    <td>0</td>
    <td>0</td>
    <td>1</td>
    <td><a href="javascript:showClassDetail('c1',1)">Detail</a></td>
</tr>

<tr id='ft1.1' class='none'>
    <td class='errorCase'><div class='testcase'>test_crcclick</div></td>
    <td colspan='5' align='center'>

    <!--css div popup start-->
    <a class="popup_link" onfocus='this.blur();' href="javascript:showTestDetail('div_ft1.1')" >
        error</a>

    <div id='div_ft1.1' class="popup_window">
        <div style='text-align: right; color:red;cursor:pointer'>
        <a onfocus='this.blur();' onclick="document.getElementById('div_ft1.1').style.display = 'none' " >
           [x]</a>
        </div>
        <pre>
        
ft1.1: Traceback (most recent call last):
  File "/home/chetan/cQube-New/CRC_Report/cluster_table_record.py", line 23, in test_crcclick
    dist = self.driver.find_element_by_xpath(Data.CRD22).click()
  File "/home/chetan/cQube-New/venv/lib/python3.5/site-packages/selenium/webdriver/remote/webdriver.py", line 394, in find_element_by_xpath
    return self.find_element(by=By.XPATH, value=xpath)
  File "/home/chetan/cQube-New/venv/lib/python3.5/site-packages/selenium/webdriver/remote/webdriver.py", line 978, in find_element
    'value': value})['value']
  File "/home/chetan/cQube-New/venv/lib/python3.5/site-packages/selenium/webdriver/remote/webdriver.py", line 321, in execute
    self.error_handler.check_response(response)
  File "/home/chetan/cQube-New/venv/lib/python3.5/site-packages/selenium/webdriver/remote/errorhandler.py", line 242, in check_response
    raise exception_class(message, screen, stacktrace)
selenium.common.exceptions.NoSuchElementException: Message: no such element: Unable to locate element: {"method":"xpath","selector":"/html/body/app-root/app-home/mat-sidenav-container/mat-sidenav-content/div/app-bar-chart/div/div[3]/div[2]/select[1]/option[23]"}
  (Session info: chrome=83.0.4103.61)



        </pre>
    </div>
    <!--css div popup end-->

    </td>
</tr>

<tr class='errorClass'>
    <td>CRC_Report.Cluster_wise_file.Crc_Reports</td>
    <td>1</td>
    <td>0</td>
    <td>0</td>
    <td>1</td>
    <td><a href="javascript:showClassDetail('c2',1)">Detail</a></td>
</tr>

<tr id='ft2.1' class='none'>
    <td class='errorCase'><div class='testcase'>test_crcclick</div></td>
    <td colspan='5' align='center'>

    <!--css div popup start-->
    <a class="popup_link" onfocus='this.blur();' href="javascript:showTestDetail('div_ft2.1')" >
        error</a>

    <div id='div_ft2.1' class="popup_window">
        <div style='text-align: right; color:red;cursor:pointer'>
        <a onfocus='this.blur();' onclick="document.getElementById('div_ft2.1').style.display = 'none' " >
           [x]</a>
        </div>
        <pre>
        
ft2.1: Traceback (most recent call last):
  File "/home/chetan/cQube-New/CRC_Report/Cluster_wise_file.py", line 19, in setUp
    driver.navigate_to_crc_report()
  File "/home/chetan/cQube-New/TS/reuse_func.py", line 51, in navigate_to_crc_report
    self.driver.find_element_by_xpath(Data.crc).click()
  File "/home/chetan/cQube-New/venv/lib/python3.5/site-packages/selenium/webdriver/remote/webelement.py", line 80, in click
    self._execute(Command.CLICK_ELEMENT)
  File "/home/chetan/cQube-New/venv/lib/python3.5/site-packages/selenium/webdriver/remote/webelement.py", line 633, in _execute
    return self._parent.execute(command, params)
  File "/home/chetan/cQube-New/venv/lib/python3.5/site-packages/selenium/webdriver/remote/webdriver.py", line 321, in execute
    self.error_handler.check_response(response)
  File "/home/chetan/cQube-New/venv/lib/python3.5/site-packages/selenium/webdriver/remote/errorhandler.py", line 242, in check_response
    raise exception_class(message, screen, stacktrace)
selenium.common.exceptions.ElementNotInteractableException: Message: element not interactable
  (Session info: chrome=83.0.4103.61)



        </pre>
    </div>
    <!--css div popup end-->

    </td>
</tr>

<tr class='errorClass'>
    <td>CRC_Report.Clusterwise_test.table_recordtest</td>
    <td>1</td>
    <td>0</td>
    <td>0</td>
    <td>1</td>
    <td><a href="javascript:showClassDetail('c3',1)">Detail</a></td>
</tr>

<tr id='ft3.1' class='none'>
    <td class='errorCase'><div class='testcase'>test_crcclick</div></td>
    <td colspan='5' align='center'>

    <!--css div popup start-->
    <a class="popup_link" onfocus='this.blur();' href="javascript:showTestDetail('div_ft3.1')" >
        error</a>

    <div id='div_ft3.1' class="popup_window">
        <div style='text-align: right; color:red;cursor:pointer'>
        <a onfocus='this.blur();' onclick="document.getElementById('div_ft3.1').style.display = 'none' " >
           [x]</a>
        </div>
        <pre>
        
ft3.1: Traceback (most recent call last):
  File "/home/chetan/cQube-New/CRC_Report/Clusterwise_test.py", line 22, in test_crcclick
    dist = self.driver.find_element_by_xpath(Data.CRD18).click()
  File "/home/chetan/cQube-New/venv/lib/python3.5/site-packages/selenium/webdriver/remote/webdriver.py", line 394, in find_element_by_xpath
    return self.find_element(by=By.XPATH, value=xpath)
  File "/home/chetan/cQube-New/venv/lib/python3.5/site-packages/selenium/webdriver/remote/webdriver.py", line 978, in find_element
    'value': value})['value']
  File "/home/chetan/cQube-New/venv/lib/python3.5/site-packages/selenium/webdriver/remote/webdriver.py", line 321, in execute
    self.error_handler.check_response(response)
  File "/home/chetan/cQube-New/venv/lib/python3.5/site-packages/selenium/webdriver/remote/errorhandler.py", line 242, in check_response
    raise exception_class(message, screen, stacktrace)
selenium.common.exceptions.NoSuchElementException: Message: no such element: Unable to locate element: {"method":"xpath","selector":"/html/body/app-root/app-home/mat-sidenav-container/mat-sidenav-content/div/app-bar-chart/div/div[3]/div[2]/select[1]/option[19]"}
  (Session info: chrome=83.0.4103.61)



        </pre>
    </div>
    <!--css div popup end-->

    </td>
</tr>

<tr class='errorClass'>
    <td>CRC_Report.CRC_Blockwise.crc_cluster_test</td>
    <td>1</td>
    <td>0</td>
    <td>0</td>
    <td>1</td>
    <td><a href="javascript:showClassDetail('c4',1)">Detail</a></td>
</tr>

<tr id='ft4.1' class='none'>
    <td class='errorCase'><div class='testcase'>test_crcclick</div></td>
    <td colspan='5' align='center'>

    <!--css div popup start-->
    <a class="popup_link" onfocus='this.blur();' href="javascript:showTestDetail('div_ft4.1')" >
        error</a>

    <div id='div_ft4.1' class="popup_window">
        <div style='text-align: right; color:red;cursor:pointer'>
        <a onfocus='this.blur();' onclick="document.getElementById('div_ft4.1').style.display = 'none' " >
           [x]</a>
        </div>
        <pre>
        
ft4.1: Traceback (most recent call last):
  File "/home/chetan/cQube-New/CRC_Report/CRC_Blockwise.py", line 23, in test_crcclick
    dist = self.driver.find_element_by_xpath(Data.CRD18).click()
  File "/home/chetan/cQube-New/venv/lib/python3.5/site-packages/selenium/webdriver/remote/webdriver.py", line 394, in find_element_by_xpath
    return self.find_element(by=By.XPATH, value=xpath)
  File "/home/chetan/cQube-New/venv/lib/python3.5/site-packages/selenium/webdriver/remote/webdriver.py", line 978, in find_element
    'value': value})['value']
  File "/home/chetan/cQube-New/venv/lib/python3.5/site-packages/selenium/webdriver/remote/webdriver.py", line 321, in execute
    self.error_handler.check_response(response)
  File "/home/chetan/cQube-New/venv/lib/python3.5/site-packages/selenium/webdriver/remote/errorhandler.py", line 242, in check_response
    raise exception_class(message, screen, stacktrace)
selenium.common.exceptions.NoSuchElementException: Message: no such element: Unable to locate element: {"method":"xpath","selector":"/html/body/app-root/app-home/mat-sidenav-container/mat-sidenav-content/div/app-bar-chart/div/div[3]/div[2]/select[1]/option[19]"}
  (Session info: chrome=83.0.4103.61)



        </pre>
    </div>
    <!--css div popup end-->

    </td>
</tr>

<tr class='errorClass'>
    <td>CRC_Report.crc_cluster.cluster_test</td>
    <td>1</td>
    <td>0</td>
    <td>0</td>
    <td>1</td>
    <td><a href="javascript:showClassDetail('c5',1)">Detail</a></td>
</tr>

<tr id='ft5.1' class='none'>
    <td class='errorCase'><div class='testcase'>test_crcclick</div></td>
    <td colspan='5' align='center'>

    <!--css div popup start-->
    <a class="popup_link" onfocus='this.blur();' href="javascript:showTestDetail('div_ft5.1')" >
        error</a>

    <div id='div_ft5.1' class="popup_window">
        <div style='text-align: right; color:red;cursor:pointer'>
        <a onfocus='this.blur();' onclick="document.getElementById('div_ft5.1').style.display = 'none' " >
           [x]</a>
        </div>
        <pre>
        
ft5.1: Traceback (most recent call last):
  File "/home/chetan/cQube-New/CRC_Report/crc_cluster.py", line 23, in test_crcclick
    dist = self.driver.find_element_by_xpath(Data.CRD17).click()
  File "/home/chetan/cQube-New/venv/lib/python3.5/site-packages/selenium/webdriver/remote/webdriver.py", line 394, in find_element_by_xpath
    return self.find_element(by=By.XPATH, value=xpath)
  File "/home/chetan/cQube-New/venv/lib/python3.5/site-packages/selenium/webdriver/remote/webdriver.py", line 978, in find_element
    'value': value})['value']
  File "/home/chetan/cQube-New/venv/lib/python3.5/site-packages/selenium/webdriver/remote/webdriver.py", line 321, in execute
    self.error_handler.check_response(response)
  File "/home/chetan/cQube-New/venv/lib/python3.5/site-packages/selenium/webdriver/remote/errorhandler.py", line 242, in check_response
    raise exception_class(message, screen, stacktrace)
selenium.common.exceptions.NoSuchElementException: Message: no such element: Unable to locate element: {"method":"xpath","selector":"/html/body/app-root/app-home/mat-sidenav-container/mat-sidenav-content/div/app-bar-chart/div/div[3]/div[2]/select[1]/option[18]"}
  (Session info: chrome=83.0.4103.61)



        </pre>
    </div>
    <!--css div popup end-->

    </td>
</tr>

<tr class='passClass'>
    <td>CRC_Report.CRC_distlist.District_list</td>
    <td>1</td>
    <td>1</td>
    <td>0</td>
    <td>0</td>
    <td><a href="javascript:showClassDetail('c6',1)">Detail</a></td>
</tr>

<tr id='pt6.1' class='hiddenRow'>
    <td class='none'><div class='testcase'>test_District</div></td>
    <td colspan='5' align='center'>

    <!--css div popup start-->
    <a class="popup_link" onfocus='this.blur();' href="javascript:showTestDetail('div_pt6.1')" >
        pass</a>

    <div id='div_pt6.1' class="popup_window">
        <div style='text-align: right; color:red;cursor:pointer'>
        <a onfocus='this.blur();' onclick="document.getElementById('div_pt6.1').style.display = 'none' " >
           [x]</a>
        </div>
        <pre>
        
pt6.1: Choose a District 


        </pre>
    </div>
    <!--css div popup end-->

    </td>
</tr>

<tr class='errorClass'>
    <td>CRC_Report.CRC_District.CRCtest_cluster</td>
    <td>1</td>
    <td>0</td>
    <td>0</td>
    <td>1</td>
    <td><a href="javascript:showClassDetail('c7',1)">Detail</a></td>
</tr>

<tr id='ft7.1' class='none'>
    <td class='errorCase'><div class='testcase'>test_crcclick</div></td>
    <td colspan='5' align='center'>

    <!--css div popup start-->
    <a class="popup_link" onfocus='this.blur();' href="javascript:showTestDetail('div_ft7.1')" >
        error</a>

    <div id='div_ft7.1' class="popup_window">
        <div style='text-align: right; color:red;cursor:pointer'>
        <a onfocus='this.blur();' onclick="document.getElementById('div_ft7.1').style.display = 'none' " >
           [x]</a>
        </div>
        <pre>
        
ft7.1: Traceback (most recent call last):
  File "/home/chetan/cQube-New/CRC_Report/CRC_District.py", line 23, in test_crcclick
    dist = self.driver.find_element_by_xpath(Data.CRD3).click()
  File "/home/chetan/cQube-New/venv/lib/python3.5/site-packages/selenium/webdriver/remote/webdriver.py", line 394, in find_element_by_xpath
    return self.find_element(by=By.XPATH, value=xpath)
  File "/home/chetan/cQube-New/venv/lib/python3.5/site-packages/selenium/webdriver/remote/webdriver.py", line 978, in find_element
    'value': value})['value']
  File "/home/chetan/cQube-New/venv/lib/python3.5/site-packages/selenium/webdriver/remote/webdriver.py", line 321, in execute
    self.error_handler.check_response(response)
  File "/home/chetan/cQube-New/venv/lib/python3.5/site-packages/selenium/webdriver/remote/errorhandler.py", line 242, in check_response
    raise exception_class(message, screen, stacktrace)
selenium.common.exceptions.NoSuchElementException: Message: no such element: Unable to locate element: {"method":"xpath","selector":"/html/body/app-root/app-home/mat-sidenav-container/mat-sidenav-content/div/app-bar-chart/div/div[3]/div[2]/select[1]/option[4]"}
  (Session info: chrome=83.0.4103.61)



        </pre>
    </div>
    <!--css div popup end-->

    </td>
</tr>

<tr class='errorClass'>
    <td>CRC_Report.CRC_District_Details.crc_report</td>
    <td>1</td>
    <td>0</td>
    <td>0</td>
    <td>1</td>
    <td><a href="javascript:showClassDetail('c8',1)">Detail</a></td>
</tr>

<tr id='ft8.1' class='none'>
    <td class='errorCase'><div class='testcase'>test_crcclick</div></td>
    <td colspan='5' align='center'>

    <!--css div popup start-->
    <a class="popup_link" onfocus='this.blur();' href="javascript:showTestDetail('div_ft8.1')" >
        error</a>

    <div id='div_ft8.1' class="popup_window">
        <div style='text-align: right; color:red;cursor:pointer'>
        <a onfocus='this.blur();' onclick="document.getElementById('div_ft8.1').style.display = 'none' " >
           [x]</a>
        </div>
        <pre>
        
ft8.1: Traceback (most recent call last):
  File "/home/chetan/cQube-New/CRC_Report/CRC_District_Details.py", line 22, in test_crcclick
    self.driver.find_element_by_xpath(Data.CRD1).click()
  File "/home/chetan/cQube-New/venv/lib/python3.5/site-packages/selenium/webdriver/remote/webdriver.py", line 394, in find_element_by_xpath
    return self.find_element(by=By.XPATH, value=xpath)
  File "/home/chetan/cQube-New/venv/lib/python3.5/site-packages/selenium/webdriver/remote/webdriver.py", line 978, in find_element
    'value': value})['value']
  File "/home/chetan/cQube-New/venv/lib/python3.5/site-packages/selenium/webdriver/remote/webdriver.py", line 321, in execute
    self.error_handler.check_response(response)
  File "/home/chetan/cQube-New/venv/lib/python3.5/site-packages/selenium/webdriver/remote/errorhandler.py", line 242, in check_response
    raise exception_class(message, screen, stacktrace)
selenium.common.exceptions.NoSuchElementException: Message: no such element: Unable to locate element: {"method":"xpath","selector":"/html/body/app-root/app-home/mat-sidenav-container/mat-sidenav-content/div/app-bar-chart/div/div[3]/div[2]/select[1]/option[2]"}
  (Session info: chrome=83.0.4103.61)



        </pre>
    </div>
    <!--css div popup end-->

    </td>
</tr>

<tr class='passClass'>
    <td>CRC_Report.CRC_download.Crc_Reports</td>
    <td>1</td>
    <td>1</td>
    <td>0</td>
    <td>0</td>
    <td><a href="javascript:showClassDetail('c9',1)">Detail</a></td>
</tr>

<tr id='pt9.1' class='hiddenRow'>
    <td class='none'><div class='testcase'>test_crcclick</div></td>
    <td colspan='5' align='center'>pass</td>
</tr>

<tr class='passClass'>
    <td>CRC_Report.CRCreports.Crc_Reports</td>
    <td>1</td>
    <td>1</td>
    <td>0</td>
    <td>0</td>
    <td><a href="javascript:showClassDetail('c10',1)">Detail</a></td>
</tr>

<tr id='pt10.1' class='hiddenRow'>
    <td class='none'><div class='testcase'>test_crcclick</div></td>
    <td colspan='5' align='center'>

    <!--css div popup start-->
    <a class="popup_link" onfocus='this.blur();' href="javascript:showTestDetail('div_pt10.1')" >
        pass</a>

    <div id='div_pt10.1' class="popup_window">
        <div style='text-align: right; color:red;cursor:pointer'>
        <a onfocus='this.blur();' onclick="document.getElementById('div_pt10.1').style.display = 'none' " >
           [x]</a>
        </div>
        <pre>
        
pt10.1: X axis menu list...
choose x-axis 
 Visit-0 times (%) 
 Visit-1 to 2 times (%) 
 Visit-3 to 5 times (%) 
 Visit-6 to 10 times (%) 
 Visits more than 10 times (%) 
 Number of schools per CRC 
 Visits per schools 
 Total schools 
Y axis menu list...
choose y-axis 
 Visit-0 times (%) 
 Visit-1 to 2 times (%) 
 Visit-3 to 5 times (%) 
 Visit-6 to 10 times (%) 
 Visits more than 10 times (%) 
 Number of schools per CRC 
 Visits per schools 
 Total schools 


        </pre>
    </div>
    <!--css div popup end-->

    </td>
</tr>

<tr class='errorClass'>
    <td>CRC_Report.dist_blk_clu.District_recordtest</td>
    <td>2</td>
    <td>0</td>
    <td>0</td>
    <td>2</td>
    <td><a href="javascript:showClassDetail('c11',2)">Detail</a></td>
</tr>

<tr id='ft11.1' class='none'>
    <td class='errorCase'><div class='testcase'>test_crcclick</div></td>
    <td colspan='5' align='center'>

    <!--css div popup start-->
    <a class="popup_link" onfocus='this.blur();' href="javascript:showTestDetail('div_ft11.1')" >
        error</a>

    <div id='div_ft11.1' class="popup_window">
        <div style='text-align: right; color:red;cursor:pointer'>
        <a onfocus='this.blur();' onclick="document.getElementById('div_ft11.1').style.display = 'none' " >
           [x]</a>
        </div>
        <pre>
        
ft11.1: Total Number of visits: 0
Traceback (most recent call last):
  File "/home/chetan/cQube-New/CRC_Report/dist_blk_clu.py", line 22, in test_crcclick
    self.driver.find_element_by_xpath(Data.CRD1).click()
  File "/home/chetan/cQube-New/venv/lib/python3.5/site-packages/selenium/webdriver/remote/webdriver.py", line 394, in find_element_by_xpath
    return self.find_element(by=By.XPATH, value=xpath)
  File "/home/chetan/cQube-New/venv/lib/python3.5/site-packages/selenium/webdriver/remote/webdriver.py", line 978, in find_element
    'value': value})['value']
  File "/home/chetan/cQube-New/venv/lib/python3.5/site-packages/selenium/webdriver/remote/webdriver.py", line 321, in execute
    self.error_handler.check_response(response)
  File "/home/chetan/cQube-New/venv/lib/python3.5/site-packages/selenium/webdriver/remote/errorhandler.py", line 242, in check_response
    raise exception_class(message, screen, stacktrace)
selenium.common.exceptions.NoSuchElementException: Message: no such element: Unable to locate element: {"method":"xpath","selector":"/html/body/app-root/app-home/mat-sidenav-container/mat-sidenav-content/div/app-bar-chart/div/div[3]/div[2]/select[1]/option[2]"}
  (Session info: chrome=83.0.4103.61)



        </pre>
    </div>
    <!--css div popup end-->

    </td>
</tr>

<tr id='ft11.2' class='none'>
    <td class='errorCase'><div class='testcase'>test_crcclick</div></td>
    <td colspan='5' align='center'>

    <!--css div popup start-->
    <a class="popup_link" onfocus='this.blur();' href="javascript:showTestDetail('div_ft11.2')" >
        error</a>

    <div id='div_ft11.2' class="popup_window">
        <div style='text-align: right; color:red;cursor:pointer'>
        <a onfocus='this.blur();' onclick="document.getElementById('div_ft11.2').style.display = 'none' " >
           [x]</a>
        </div>
        <pre>
        
ft11.2: Total Number of visits: 0
Traceback (most recent call last):
  File "/home/chetan/cQube-New/CRC_Report/dist_blk_clu.py", line 32, in tearDown
    print(footer[i].text)
  File "/home/chetan/cQube-New/venv/lib/python3.5/site-packages/selenium/webdriver/remote/webelement.py", line 76, in text
    return self._execute(Command.GET_ELEMENT_TEXT)['value']
  File "/home/chetan/cQube-New/venv/lib/python3.5/site-packages/selenium/webdriver/remote/webelement.py", line 633, in _execute
    return self._parent.execute(command, params)
  File "/home/chetan/cQube-New/venv/lib/python3.5/site-packages/selenium/webdriver/remote/webdriver.py", line 321, in execute
    self.error_handler.check_response(response)
  File "/home/chetan/cQube-New/venv/lib/python3.5/site-packages/selenium/webdriver/remote/errorhandler.py", line 242, in check_response
    raise exception_class(message, screen, stacktrace)
selenium.common.exceptions.InvalidSessionIdException: Message: invalid session id



        </pre>
    </div>
    <!--css div popup end-->

    </td>
</tr>

<tr class='errorClass'>
    <td>CRC_Report.Dist_block.Crc_Reports</td>
    <td>1</td>
    <td>0</td>
    <td>0</td>
    <td>1</td>
    <td><a href="javascript:showClassDetail('c12',1)">Detail</a></td>
</tr>

<tr id='ft12.1' class='none'>
    <td class='errorCase'><div class='testcase'>test_crcclick</div></td>
    <td colspan='5' align='center'>

    <!--css div popup start-->
    <a class="popup_link" onfocus='this.blur();' href="javascript:showTestDetail('div_ft12.1')" >
        error</a>

    <div id='div_ft12.1' class="popup_window">
        <div style='text-align: right; color:red;cursor:pointer'>
        <a onfocus='this.blur();' onclick="document.getElementById('div_ft12.1').style.display = 'none' " >
           [x]</a>
        </div>
        <pre>
        
ft12.1: Traceback (most recent call last):
  File "/home/chetan/cQube-New/CRC_Report/Dist_block.py", line 22, in test_crcclick
    self.driver.find_element_by_xpath(Data.CRD13).click()
  File "/home/chetan/cQube-New/venv/lib/python3.5/site-packages/selenium/webdriver/remote/webdriver.py", line 394, in find_element_by_xpath
    return self.find_element(by=By.XPATH, value=xpath)
  File "/home/chetan/cQube-New/venv/lib/python3.5/site-packages/selenium/webdriver/remote/webdriver.py", line 978, in find_element
    'value': value})['value']
  File "/home/chetan/cQube-New/venv/lib/python3.5/site-packages/selenium/webdriver/remote/webdriver.py", line 321, in execute
    self.error_handler.check_response(response)
  File "/home/chetan/cQube-New/venv/lib/python3.5/site-packages/selenium/webdriver/remote/errorhandler.py", line 242, in check_response
    raise exception_class(message, screen, stacktrace)
selenium.common.exceptions.NoSuchElementException: Message: no such element: Unable to locate element: {"method":"xpath","selector":"/html/body/app-root/app-home/mat-sidenav-container/mat-sidenav-content/div/app-bar-chart/div/div[3]/div[2]/select[1]/option[14]"}
  (Session info: chrome=83.0.4103.61)



        </pre>
    </div>
    <!--css div popup end-->

    </td>
</tr>

<tr class='passClass'>
    <td>CRC_Report.District_click_all.Crc_Reports</td>
    <td>1</td>
    <td>1</td>
    <td>0</td>
    <td>0</td>
    <td><a href="javascript:showClassDetail('c13',1)">Detail</a></td>
</tr>

<tr id='pt13.1' class='hiddenRow'>
    <td class='none'><div class='testcase'>test_crcclick</div></td>
    <td colspan='5' align='center'>

    <!--css div popup start-->
    <a class="popup_link" onfocus='this.blur();' href="javascript:showTestDetail('div_pt13.1')" >
        pass</a>

    <div id='div_pt13.1' class="popup_window">
        <div style='text-align: right; color:red;cursor:pointer'>
        <a onfocus='this.blur();' onclick="document.getElementById('div_pt13.1').style.display = 'none' " >
           [x]</a>
        </div>
        <pre>
        
pt13.1: Choose a District 


        </pre>
    </div>
    <!--css div popup end-->

    </td>
</tr>

<tr class='errorClass'>
    <td>CRC_Report.District_wise_file.Crc_Reports</td>
    <td>1</td>
    <td>0</td>
    <td>0</td>
    <td>1</td>
    <td><a href="javascript:showClassDetail('c14',1)">Detail</a></td>
</tr>

<tr id='ft14.1' class='none'>
    <td class='errorCase'><div class='testcase'>test_crcclick</div></td>
    <td colspan='5' align='center'>

    <!--css div popup start-->
    <a class="popup_link" onfocus='this.blur();' href="javascript:showTestDetail('div_ft14.1')" >
        error</a>

    <div id='div_ft14.1' class="popup_window">
        <div style='text-align: right; color:red;cursor:pointer'>
        <a onfocus='this.blur();' onclick="document.getElementById('div_ft14.1').style.display = 'none' " >
           [x]</a>
        </div>
        <pre>
        
ft14.1: Traceback (most recent call last):
  File "/home/chetan/cQube-New/CRC_Report/District_wise_file.py", line 23, in test_crcclick
    self.driver.find_element_by_xpath("//*[@id='select']/select/option[2]").click()
  File "/home/chetan/cQube-New/venv/lib/python3.5/site-packages/selenium/webdriver/remote/webdriver.py", line 394, in find_element_by_xpath
    return self.find_element(by=By.XPATH, value=xpath)
  File "/home/chetan/cQube-New/venv/lib/python3.5/site-packages/selenium/webdriver/remote/webdriver.py", line 978, in find_element
    'value': value})['value']
  File "/home/chetan/cQube-New/venv/lib/python3.5/site-packages/selenium/webdriver/remote/webdriver.py", line 321, in execute
    self.error_handler.check_response(response)
  File "/home/chetan/cQube-New/venv/lib/python3.5/site-packages/selenium/webdriver/remote/errorhandler.py", line 242, in check_response
    raise exception_class(message, screen, stacktrace)
selenium.common.exceptions.NoSuchElementException: Message: no such element: Unable to locate element: {"method":"xpath","selector":"//*[@id='select']/select/option[2]"}
  (Session info: chrome=83.0.4103.61)



        </pre>
    </div>
    <!--css div popup end-->

    </td>
</tr>

<tr class='errorClass'>
    <td>CRC_Report.Districtwise_file.Crc_Reports</td>
    <td>1</td>
    <td>0</td>
    <td>0</td>
    <td>1</td>
    <td><a href="javascript:showClassDetail('c15',1)">Detail</a></td>
</tr>

<tr id='ft15.1' class='none'>
    <td class='errorCase'><div class='testcase'>test_crcclick</div></td>
    <td colspan='5' align='center'>

    <!--css div popup start-->
    <a class="popup_link" onfocus='this.blur();' href="javascript:showTestDetail('div_ft15.1')" >
        error</a>

    <div id='div_ft15.1' class="popup_window">
        <div style='text-align: right; color:red;cursor:pointer'>
        <a onfocus='this.blur();' onclick="document.getElementById('div_ft15.1').style.display = 'none' " >
           [x]</a>
        </div>
        <pre>
        
ft15.1: Traceback (most recent call last):
  File "/home/chetan/cQube-New/CRC_Report/Districtwise_file.py", line 24, in test_crcclick
    self.driver.find_element_by_xpath("//*[@id='select']/select/option[4]").click()
  File "/home/chetan/cQube-New/venv/lib/python3.5/site-packages/selenium/webdriver/remote/webdriver.py", line 394, in find_element_by_xpath
    return self.find_element(by=By.XPATH, value=xpath)
  File "/home/chetan/cQube-New/venv/lib/python3.5/site-packages/selenium/webdriver/remote/webdriver.py", line 978, in find_element
    'value': value})['value']
  File "/home/chetan/cQube-New/venv/lib/python3.5/site-packages/selenium/webdriver/remote/webdriver.py", line 321, in execute
    self.error_handler.check_response(response)
  File "/home/chetan/cQube-New/venv/lib/python3.5/site-packages/selenium/webdriver/remote/errorhandler.py", line 242, in check_response
    raise exception_class(message, screen, stacktrace)
selenium.common.exceptions.NoSuchElementException: Message: no such element: Unable to locate element: {"method":"xpath","selector":"//*[@id='select']/select/option[4]"}
  (Session info: chrome=83.0.4103.61)



        </pre>
    </div>
    <!--css div popup end-->

    </td>
</tr>

<tr class='errorClass'>
    <td>CRC_Report.Districtwise_validation.dwise_type</td>
    <td>1</td>
    <td>0</td>
    <td>0</td>
    <td>1</td>
    <td><a href="javascript:showClassDetail('c16',1)">Detail</a></td>
</tr>

<tr id='ft16.1' class='none'>
    <td class='errorCase'><div class='testcase'>test_select_for_download</div></td>
    <td colspan='5' align='center'>

    <!--css div popup start-->
    <a class="popup_link" onfocus='this.blur();' href="javascript:showTestDetail('div_ft16.1')" >
        error</a>

    <div id='div_ft16.1' class="popup_window">
        <div style='text-align: right; color:red;cursor:pointer'>
        <a onfocus='this.blur();' onclick="document.getElementById('div_ft16.1').style.display = 'none' " >
           [x]</a>
        </div>
        <pre>
        
ft16.1: Traceback (most recent call last):
  File "/home/chetan/cQube-New/CRC_Report/Districtwise_validation.py", line 23, in test_select_for_download
    self.driver.find_element_by_xpath(Data.distwise).click()
  File "/home/chetan/cQube-New/venv/lib/python3.5/site-packages/selenium/webdriver/remote/webdriver.py", line 394, in find_element_by_xpath
    return self.find_element(by=By.XPATH, value=xpath)
  File "/home/chetan/cQube-New/venv/lib/python3.5/site-packages/selenium/webdriver/remote/webdriver.py", line 978, in find_element
    'value': value})['value']
  File "/home/chetan/cQube-New/venv/lib/python3.5/site-packages/selenium/webdriver/remote/webdriver.py", line 321, in execute
    self.error_handler.check_response(response)
  File "/home/chetan/cQube-New/venv/lib/python3.5/site-packages/selenium/webdriver/remote/errorhandler.py", line 242, in check_response
    raise exception_class(message, screen, stacktrace)
selenium.common.exceptions.NoSuchElementException: Message: no such element: Unable to locate element: {"method":"xpath","selector":"//select[@name='downloadType']/option[2]"}
  (Session info: chrome=83.0.4103.61)



        </pre>
    </div>
    <!--css div popup end-->

    </td>
</tr>

<tr class='errorClass'>
    <td>CRC_Report.Footer_data.bar_details</td>
    <td>1</td>
    <td>0</td>
    <td>0</td>
    <td>1</td>
    <td><a href="javascript:showClassDetail('c17',1)">Detail</a></td>
</tr>

<tr id='ft17.1' class='none'>
    <td class='errorCase'><div class='testcase'>test_crcclick</div></td>
    <td colspan='5' align='center'>

    <!--css div popup start-->
    <a class="popup_link" onfocus='this.blur();' href="javascript:showTestDetail('div_ft17.1')" >
        error</a>

    <div id='div_ft17.1' class="popup_window">
        <div style='text-align: right; color:red;cursor:pointer'>
        <a onfocus='this.blur();' onclick="document.getElementById('div_ft17.1').style.display = 'none' " >
           [x]</a>
        </div>
        <pre>
        
ft17.1: Traceback (most recent call last):
  File "/home/chetan/cQube-New/CRC_Report/Footer_data.py", line 19, in setUp
    driver.navigate_to_crc_report()
  File "/home/chetan/cQube-New/TS/reuse_func.py", line 51, in navigate_to_crc_report
    self.driver.find_element_by_xpath(Data.crc).click()
  File "/home/chetan/cQube-New/venv/lib/python3.5/site-packages/selenium/webdriver/remote/webelement.py", line 80, in click
    self._execute(Command.CLICK_ELEMENT)
  File "/home/chetan/cQube-New/venv/lib/python3.5/site-packages/selenium/webdriver/remote/webelement.py", line 633, in _execute
    return self._parent.execute(command, params)
  File "/home/chetan/cQube-New/venv/lib/python3.5/site-packages/selenium/webdriver/remote/webdriver.py", line 321, in execute
    self.error_handler.check_response(response)
  File "/home/chetan/cQube-New/venv/lib/python3.5/site-packages/selenium/webdriver/remote/errorhandler.py", line 242, in check_response
    raise exception_class(message, screen, stacktrace)
selenium.common.exceptions.ElementNotInteractableException: Message: element not interactable
  (Session info: chrome=83.0.4103.61)



        </pre>
    </div>
    <!--css div popup end-->

    </td>
</tr>

<tr class='errorClass'>
    <td>CRC_Report.map_cluster.Map_blocks</td>
    <td>1</td>
    <td>0</td>
    <td>0</td>
    <td>1</td>
    <td><a href="javascript:showClassDetail('c18',1)">Detail</a></td>
</tr>

<tr id='ft18.1' class='none'>
    <td class='errorCase'><div class='testcase'>test_crcclick</div></td>
    <td colspan='5' align='center'>

    <!--css div popup start-->
    <a class="popup_link" onfocus='this.blur();' href="javascript:showTestDetail('div_ft18.1')" >
        error</a>

    <div id='div_ft18.1' class="popup_window">
        <div style='text-align: right; color:red;cursor:pointer'>
        <a onfocus='this.blur();' onclick="document.getElementById('div_ft18.1').style.display = 'none' " >
           [x]</a>
        </div>
        <pre>
        
ft18.1: Traceback (most recent call last):
  File "/home/chetan/cQube-New/CRC_Report/map_cluster.py", line 23, in test_crcclick
    dist = self.driver.find_element_by_xpath(Data.CRD5).click()
  File "/home/chetan/cQube-New/venv/lib/python3.5/site-packages/selenium/webdriver/remote/webdriver.py", line 394, in find_element_by_xpath
    return self.find_element(by=By.XPATH, value=xpath)
  File "/home/chetan/cQube-New/venv/lib/python3.5/site-packages/selenium/webdriver/remote/webdriver.py", line 978, in find_element
    'value': value})['value']
  File "/home/chetan/cQube-New/venv/lib/python3.5/site-packages/selenium/webdriver/remote/webdriver.py", line 321, in execute
    self.error_handler.check_response(response)
  File "/home/chetan/cQube-New/venv/lib/python3.5/site-packages/selenium/webdriver/remote/errorhandler.py", line 242, in check_response
    raise exception_class(message, screen, stacktrace)
selenium.common.exceptions.NoSuchElementException: Message: no such element: Unable to locate element: {"method":"xpath","selector":"/html/body/app-root/app-home/mat-sidenav-container/mat-sidenav-content/div/app-bar-chart/div/div[3]/div[2]/select[1]/option[6]"}
  (Session info: chrome=83.0.4103.61)



        </pre>
    </div>
    <!--css div popup end-->

    </td>
</tr>

<tr class='errorClass'>
    <td>CRC_Report.Map_validation1.Map_District</td>
    <td>1</td>
    <td>0</td>
    <td>0</td>
    <td>1</td>
    <td><a href="javascript:showClassDetail('c19',1)">Detail</a></td>
</tr>

<tr id='ft19.1' class='none'>
    <td class='errorCase'><div class='testcase'>test_crcclick</div></td>
    <td colspan='5' align='center'>

    <!--css div popup start-->
    <a class="popup_link" onfocus='this.blur();' href="javascript:showTestDetail('div_ft19.1')" >
        error</a>

    <div id='div_ft19.1' class="popup_window">
        <div style='text-align: right; color:red;cursor:pointer'>
        <a onfocus='this.blur();' onclick="document.getElementById('div_ft19.1').style.display = 'none' " >
           [x]</a>
        </div>
        <pre>
        
ft19.1: Traceback (most recent call last):
  File "/home/chetan/cQube-New/CRC_Report/Map_validation1.py", line 22, in test_crcclick
    dist = self.driver.find_element_by_xpath(Data.CRD5).click()
  File "/home/chetan/cQube-New/venv/lib/python3.5/site-packages/selenium/webdriver/remote/webdriver.py", line 394, in find_element_by_xpath
    return self.find_element(by=By.XPATH, value=xpath)
  File "/home/chetan/cQube-New/venv/lib/python3.5/site-packages/selenium/webdriver/remote/webdriver.py", line 978, in find_element
    'value': value})['value']
  File "/home/chetan/cQube-New/venv/lib/python3.5/site-packages/selenium/webdriver/remote/webdriver.py", line 321, in execute
    self.error_handler.check_response(response)
  File "/home/chetan/cQube-New/venv/lib/python3.5/site-packages/selenium/webdriver/remote/errorhandler.py", line 242, in check_response
    raise exception_class(message, screen, stacktrace)
selenium.common.exceptions.NoSuchElementException: Message: no such element: Unable to locate element: {"method":"xpath","selector":"/html/body/app-root/app-home/mat-sidenav-container/mat-sidenav-content/div/app-bar-chart/div/div[3]/div[2]/select[1]/option[6]"}
  (Session info: chrome=83.0.4103.61)



        </pre>
    </div>
    <!--css div popup end-->

    </td>
</tr>

<tr class='errorClass'>
    <td>CRC_Report.map_validation2.Map_blocks</td>
    <td>1</td>
    <td>0</td>
    <td>0</td>
    <td>1</td>
    <td><a href="javascript:showClassDetail('c20',1)">Detail</a></td>
</tr>

<tr id='ft20.1' class='none'>
    <td class='errorCase'><div class='testcase'>test_crcclick</div></td>
    <td colspan='5' align='center'>

    <!--css div popup start-->
    <a class="popup_link" onfocus='this.blur();' href="javascript:showTestDetail('div_ft20.1')" >
        error</a>

    <div id='div_ft20.1' class="popup_window">
        <div style='text-align: right; color:red;cursor:pointer'>
        <a onfocus='this.blur();' onclick="document.getElementById('div_ft20.1').style.display = 'none' " >
           [x]</a>
        </div>
        <pre>
        
ft20.1: Traceback (most recent call last):
  File "/home/chetan/cQube-New/CRC_Report/map_validation2.py", line 19, in setUp
    driver.navigate_to_crc_report()
  File "/home/chetan/cQube-New/TS/reuse_func.py", line 51, in navigate_to_crc_report
    self.driver.find_element_by_xpath(Data.crc).click()
  File "/home/chetan/cQube-New/venv/lib/python3.5/site-packages/selenium/webdriver/remote/webelement.py", line 80, in click
    self._execute(Command.CLICK_ELEMENT)
  File "/home/chetan/cQube-New/venv/lib/python3.5/site-packages/selenium/webdriver/remote/webelement.py", line 633, in _execute
    return self._parent.execute(command, params)
  File "/home/chetan/cQube-New/venv/lib/python3.5/site-packages/selenium/webdriver/remote/webdriver.py", line 321, in execute
    self.error_handler.check_response(response)
  File "/home/chetan/cQube-New/venv/lib/python3.5/site-packages/selenium/webdriver/remote/errorhandler.py", line 242, in check_response
    raise exception_class(message, screen, stacktrace)
selenium.common.exceptions.ElementNotInteractableException: Message: element not interactable
  (Session info: chrome=83.0.4103.61)



        </pre>
    </div>
    <!--css div popup end-->

    </td>
</tr>

<tr class='errorClass'>
    <td>CRC_Report.Select_District_validate.District_report</td>
    <td>1</td>
    <td>0</td>
    <td>0</td>
    <td>1</td>
    <td><a href="javascript:showClassDetail('c21',1)">Detail</a></td>
</tr>

<tr id='ft21.1' class='none'>
    <td class='errorCase'><div class='testcase'>test_crcclick</div></td>
    <td colspan='5' align='center'>

    <!--css div popup start-->
    <a class="popup_link" onfocus='this.blur();' href="javascript:showTestDetail('div_ft21.1')" >
        error</a>

    <div id='div_ft21.1' class="popup_window">
        <div style='text-align: right; color:red;cursor:pointer'>
        <a onfocus='this.blur();' onclick="document.getElementById('div_ft21.1').style.display = 'none' " >
           [x]</a>
        </div>
        <pre>
        
ft21.1: Traceback (most recent call last):
  File "/home/chetan/cQube-New/CRC_Report/Select_District_validate.py", line 22, in test_crcclick
    self.driver.find_element_by_xpath(Data.SRD1).click()
  File "/home/chetan/cQube-New/venv/lib/python3.5/site-packages/selenium/webdriver/remote/webdriver.py", line 394, in find_element_by_xpath
    return self.find_element(by=By.XPATH, value=xpath)
  File "/home/chetan/cQube-New/venv/lib/python3.5/site-packages/selenium/webdriver/remote/webdriver.py", line 978, in find_element
    'value': value})['value']
  File "/home/chetan/cQube-New/venv/lib/python3.5/site-packages/selenium/webdriver/remote/webdriver.py", line 321, in execute
    self.error_handler.check_response(response)
  File "/home/chetan/cQube-New/venv/lib/python3.5/site-packages/selenium/webdriver/remote/errorhandler.py", line 242, in check_response
    raise exception_class(message, screen, stacktrace)
selenium.common.exceptions.NoSuchElementException: Message: no such element: Unable to locate element: {"method":"xpath","selector":"/html/body/app-root/app-home/mat-sidenav-container/mat-sidenav-content/div/app-sem-view/div/div[2]/div[2]/select[1]/option[2]"}
  (Session info: chrome=83.0.4103.61)



        </pre>
    </div>
    <!--css div popup end-->

    </td>
</tr>

<tr class='passClass'>
    <td>CRC_Report.Select_Type.Sel_type</td>
    <td>1</td>
    <td>1</td>
    <td>0</td>
    <td>0</td>
    <td><a href="javascript:showClassDetail('c22',1)">Detail</a></td>
</tr>

<tr id='pt22.1' class='hiddenRow'>
    <td class='none'><div class='testcase'>test_select_for_download</div></td>
    <td colspan='5' align='center'>

    <!--css div popup start-->
    <a class="popup_link" onfocus='this.blur();' href="javascript:showTestDetail('div_pt22.1')" >
        pass</a>

    <div id='div_pt22.1' class="popup_window">
        <div style='text-align: right; color:red;cursor:pointer'>
        <a onfocus='this.blur();' onclick="document.getElementById('div_pt22.1').style.display = 'none' " >
           [x]</a>
        </div>
        <pre>
        
pt22.1: 1
 Download Report


        </pre>
    </div>
    <!--css div popup end-->

    </td>
</tr>

<tr class='errorClass'>
    <td>CRC_Report.Selecttype_files.Crc_Reports</td>
    <td>1</td>
    <td>0</td>
    <td>0</td>
    <td>1</td>
    <td><a href="javascript:showClassDetail('c23',1)">Detail</a></td>
</tr>

<tr id='ft23.1' class='none'>
    <td class='errorCase'><div class='testcase'>test_crcclick</div></td>
    <td colspan='5' align='center'>

    <!--css div popup start-->
    <a class="popup_link" onfocus='this.blur();' href="javascript:showTestDetail('div_ft23.1')" >
        error</a>

    <div id='div_ft23.1' class="popup_window">
        <div style='text-align: right; color:red;cursor:pointer'>
        <a onfocus='this.blur();' onclick="document.getElementById('div_ft23.1').style.display = 'none' " >
           [x]</a>
        </div>
        <pre>
        
ft23.1: Traceback (most recent call last):
  File "/home/chetan/cQube-New/CRC_Report/Selecttype_files.py", line 22, in test_crcclick
    driver.crc_validation()
  File "/home/chetan/cQube-New/TS/reuse_func.py", line 131, in crc_validation
    self.driver.find_element_by_xpath("//*[@id='select']/select/option[2]").click()
  File "/home/chetan/cQube-New/venv/lib/python3.5/site-packages/selenium/webdriver/remote/webdriver.py", line 394, in find_element_by_xpath
    return self.find_element(by=By.XPATH, value=xpath)
  File "/home/chetan/cQube-New/venv/lib/python3.5/site-packages/selenium/webdriver/remote/webdriver.py", line 978, in find_element
    'value': value})['value']
  File "/home/chetan/cQube-New/venv/lib/python3.5/site-packages/selenium/webdriver/remote/webdriver.py", line 321, in execute
    self.error_handler.check_response(response)
  File "/home/chetan/cQube-New/venv/lib/python3.5/site-packages/selenium/webdriver/remote/errorhandler.py", line 242, in check_response
    raise exception_class(message, screen, stacktrace)
selenium.common.exceptions.NoSuchElementException: Message: no such element: Unable to locate element: {"method":"xpath","selector":"//*[@id='select']/select/option[2]"}
  (Session info: chrome=83.0.4103.61)



        </pre>
    </div>
    <!--css div popup end-->

    </td>
</tr>

<tr class='passClass'>
    <td>CRC_Report.TableData_District.Crc_Reports</td>
    <td>1</td>
    <td>1</td>
    <td>0</td>
    <td>0</td>
    <td><a href="javascript:showClassDetail('c24',1)">Detail</a></td>
</tr>

<tr id='pt24.1' class='hiddenRow'>
    <td class='none'><div class='testcase'>test_crcclick</div></td>
    <td colspan='5' align='center'>

    <!--css div popup start-->
    <a class="popup_link" onfocus='this.blur();' href="javascript:showTestDetail('div_pt24.1')" >
        pass</a>

    <div id='div_pt24.1' class="popup_window">
        <div style='text-align: right; color:red;cursor:pointer'>
        <a onfocus='this.blur();' onclick="document.getElementById('div_pt24.1').style.display = 'none' " >
           [x]</a>
        </div>
        <pre>
        
pt24.1: Ahmedabad
39.78
25.81
17.20
16.13
1.08
23.07
2.31
93
4061
215
Anand
25.42
25.42
32.20
13.56
3.39
15.64
3.02
59
1673
178
Banaskantha
39.13
23.48
21.74
14.78
0.87
14.76
2.36
115
3365
271
Bhavnagar
30.16
30.16
30.16
9.52
0.00
17.05
2.33
63
1671
147
Chhotaudepur
45.24
26.19
16.67
11.90
0.00
14.82
1.93
42
1512
81
Dohad
51.85
25.93
22.22
0.00
0.00
15.10
1.17
54
2235
63
Gir Somnath
45.65
17.39
32.61
4.35
0.00
18.82
1.80
46
1054
83
Junagadh
28.26
25.00
30.43
13.04
3.26
17.67
2.77
92
1590
255
Kheda
26.67
36.67
23.33
10.00
3.33
15.46
2.59
90
1979
233
Mahisagar
43.86
22.81
19.30
10.53
3.51
14.72
2.26
57
1560
129
Narmada
60.00
22.22
13.33
4.44
0.00
13.70
1.24
45
904
56
Panch Mahals
43.48
34.78
13.04
8.70
0.00
15.17
1.67
46
1881
77
Porbandar
27.78
44.44
22.22
5.56
0.00
15.29
1.72
18
535
31
Sabar Kantha
29.76
22.62
21.43
25.00
1.19
14.55
3.14
84
1804
264
Surendranagar
42.42
30.30
24.24
3.03
0.00
16.59
1.61
66
1460
106
The Dangs
69.70
12.12
15.15
3.03
0.00
13.42
1.03
33
483
34
Valsad
25.53
8.51
27.66
31.91
6.38
16.19
4.43
47
1506
208
Total Number of visits: 5029
Total Number of schools: 54500
Total schools visited: 1993
Total schools not visited: 52507


        </pre>
    </div>
    <!--css div popup end-->

    </td>
</tr>

<tr class='passClass'>
    <td>CRC_Report.Graph_xaxis_dropdown.Xaxis</td>
    <td>1</td>
    <td>1</td>
    <td>0</td>
    <td>0</td>
    <td><a href="javascript:showClassDetail('c25',1)">Detail</a></td>
</tr>

<tr id='pt25.1' class='hiddenRow'>
    <td class='none'><div class='testcase'>test_click_xaxis</div></td>
    <td colspan='5' align='center'>

    <!--css div popup start-->
    <a class="popup_link" onfocus='this.blur();' href="javascript:showTestDetail('div_pt25.1')" >
        pass</a>

    <div id='div_pt25.1' class="popup_window">
        <div style='text-align: right; color:red;cursor:pointer'>
        <a onfocus='this.blur();' onclick="document.getElementById('div_pt25.1').style.display = 'none' " >
           [x]</a>
        </div>
        <pre>
        
pt25.1: choose x-axis 
 Visit-0 times (%) 
 Visit-1 to 2 times (%) 
 Visit-3 to 5 times (%) 
 Visit-6 to 10 times (%) 
 Visits more than 10 times (%) 
 Number of schools per CRC 
 Visits per schools 
 Total schools 


        </pre>
    </div>
    <!--css div popup end-->

    </td>
</tr>

<tr class='errorClass'>
    <td>CRC_Report.Graph_XY.XYaxis</td>
    <td>1</td>
    <td>0</td>
    <td>0</td>
    <td>1</td>
    <td><a href="javascript:showClassDetail('c26',1)">Detail</a></td>
</tr>

<tr id='ft26.1' class='none'>
    <td class='errorCase'><div class='testcase'>test_click_xyaxis</div></td>
    <td colspan='5' align='center'>

    <!--css div popup start-->
    <a class="popup_link" onfocus='this.blur();' href="javascript:showTestDetail('div_ft26.1')" >
        error</a>

    <div id='div_ft26.1' class="popup_window">
        <div style='text-align: right; color:red;cursor:pointer'>
        <a onfocus='this.blur();' onclick="document.getElementById('div_ft26.1').style.display = 'none' " >
           [x]</a>
        </div>
        <pre>
        
ft26.1: Traceback (most recent call last):
  File "/home/chetan/cQube-New/CRC_Report/Graph_XY.py", line 18, in setUp
    driver.navigate_to_crc_report()
  File "/home/chetan/cQube-New/TS/reuse_func.py", line 50, in navigate_to_crc_report
    self.driver.find_element_by_xpath(Data.Dashboard).click()
  File "/home/chetan/cQube-New/venv/lib/python3.5/site-packages/selenium/webdriver/remote/webdriver.py", line 394, in find_element_by_xpath
    return self.find_element(by=By.XPATH, value=xpath)
  File "/home/chetan/cQube-New/venv/lib/python3.5/site-packages/selenium/webdriver/remote/webdriver.py", line 978, in find_element
    'value': value})['value']
  File "/home/chetan/cQube-New/venv/lib/python3.5/site-packages/selenium/webdriver/remote/webdriver.py", line 321, in execute
    self.error_handler.check_response(response)
  File "/home/chetan/cQube-New/venv/lib/python3.5/site-packages/selenium/webdriver/remote/errorhandler.py", line 242, in check_response
    raise exception_class(message, screen, stacktrace)
selenium.common.exceptions.NoSuchElementException: Message: no such element: Unable to locate element: {"method":"xpath","selector":"//span[@class='mat-button-wrapper']/mat-icon"}
  (Session info: chrome=83.0.4103.61)



        </pre>
    </div>
    <!--css div popup end-->

    </td>
</tr>

<tr class='passClass'>
    <td>CRC_Report.Graph_Yaxis.Yaxis</td>
    <td>1</td>
    <td>1</td>
    <td>0</td>
    <td>0</td>
    <td><a href="javascript:showClassDetail('c27',1)">Detail</a></td>
</tr>

<tr id='pt27.1' class='hiddenRow'>
    <td class='none'><div class='testcase'>test_click_yaxis</div></td>
    <td colspan='5' align='center'>

    <!--css div popup start-->
    <a class="popup_link" onfocus='this.blur();' href="javascript:showTestDetail('div_pt27.1')" >
        pass</a>

    <div id='div_pt27.1' class="popup_window">
        <div style='text-align: right; color:red;cursor:pointer'>
        <a onfocus='this.blur();' onclick="document.getElementById('div_pt27.1').style.display = 'none' " >
           [x]</a>
        </div>
        <pre>
        
pt27.1: choose y-axis 
 Visit-0 times (%) 
 Visit-1 to 2 times (%) 
 Visit-3 to 5 times (%) 
 Visit-6 to 10 times (%) 
 Visits more than 10 times (%) 
 Number of schools per CRC 
 Visits per schools 
 Total schools 


        </pre>
    </div>
    <!--css div popup end-->

    </td>
</tr>

<tr id='total_row'>
    <td>Total</td>
    <td>28</td>
    <td>8</td>
    <td>0</td>
    <td>20</td>
    <td>&nbsp;</td>
</tr>
</table>

<div id='ending'>&nbsp;</div>

</body>
</html>
